<?xml version="1.0" encoding="UTF-8"?>
<testng-results ignored="0" total="5" passed="4" failed="1" skipped="0">
  <reporter-output>
  </reporter-output>
  <suite started-at="2021-12-15T22:38:17 IST" name="Suite" finished-at="2021-12-15T22:38:17 IST" duration-ms="97">
    <groups>
    </groups>
    <test started-at="2021-12-15T22:38:17 IST" name="Test" finished-at="2021-12-15T22:38:17 IST" duration-ms="97">
      <class name="javabasics.MessageUtil">
        <test-method signature="testPrintMessage()[pri:0, instance:javabasics.MessageUtil@68c72235]" started-at="2021-12-15T22:38:17 IST" name="testPrintMessage" finished-at="2021-12-15T22:38:17 IST" duration-ms="13" status="PASS">
          <reporter-output>
          </reporter-output>
        </test-method> <!-- testPrintMessage -->
      </class> <!-- javabasics.MessageUtil -->
      <class name="javabasics.TestNG_Parallel">
        <test-method signature="method1()[pri:0, instance:javabasics.TestNG_Parallel@44821a96]" started-at="2021-12-15T22:38:17 IST" name="method1" finished-at="2021-12-15T22:38:17 IST" duration-ms="1" status="PASS">
          <reporter-output>
          </reporter-output>
        </test-method> <!-- method1 -->
        <test-method signature="method2()[pri:0, instance:javabasics.TestNG_Parallel@44821a96]" started-at="2021-12-15T22:38:17 IST" name="method2" finished-at="2021-12-15T22:38:17 IST" duration-ms="3" status="PASS">
          <reporter-output>
          </reporter-output>
        </test-method> <!-- method2 -->
      </class> <!-- javabasics.TestNG_Parallel -->
      <class name="javabasics.TestNG_sample">
        <test-method signature="Firstpgm()[pri:0, instance:javabasics.TestNG_sample@4944252c]" started-at="2021-12-15T22:38:17 IST" name="Firstpgm" finished-at="2021-12-15T22:38:17 IST" duration-ms="2" status="PASS">
          <reporter-output>
          </reporter-output>
        </test-method> <!-- Firstpgm -->
      </class> <!-- javabasics.TestNG_sample -->
      <class name="javabasics.TestNG_Assertion">
        <test-method signature="testPrintMessage()[pri:0, instance:javabasics.TestNG_Assertion@a3d8174]" started-at="2021-12-15T22:38:17 IST" name="testPrintMessage" finished-at="2021-12-15T22:38:17 IST" duration-ms="2" status="FAIL">
          <exception class="java.lang.Error">
            <message>
              <![CDATA[Unresolved compilation problems: 
Syntax error on token "messageUtil", delete this token
The method testPrintMessage() is undefined for the type String
]]>
            </message>
            <full-stacktrace>
              <![CDATA[java.lang.Error: Unresolved compilation problems: 
Syntax error on token "messageUtil", delete this token
The method testPrintMessage() is undefined for the type String

at javabasics.TestNG_Assertion.testPrintMessage(TestNG_Assertion.java:11)
at java.base/jdk.internal.reflect.NativeMethodAccessorImpl.invoke0(Native Method)
at java.base/jdk.internal.reflect.NativeMethodAccessorImpl.invoke(NativeMethodAccessorImpl.java:78)
at java.base/jdk.internal.reflect.DelegatingMethodAccessorImpl.invoke(DelegatingMethodAccessorImpl.java:43)
at java.base/java.lang.reflect.Method.invoke(Method.java:567)
at org.testng.internal.MethodInvocationHelper.invokeMethod(MethodInvocationHelper.java:133)
at org.testng.internal.TestInvoker.invokeMethod(TestInvoker.java:598)
at org.testng.internal.TestInvoker.invokeTestMethod(TestInvoker.java:173)
at org.testng.internal.MethodRunner.runInSequence(MethodRunner.java:46)
at org.testng.internal.TestInvoker$MethodInvocationAgent.invoke(TestInvoker.java:824)
at org.testng.internal.TestInvoker.invokeTestMethods(TestInvoker.java:146)
at org.testng.internal.TestMethodWorker.invokeTestMethods(TestMethodWorker.java:146)
at org.testng.internal.TestMethodWorker.run(TestMethodWorker.java:128)
at java.base/java.util.ArrayList.forEach(ArrayList.java:1511)
at org.testng.TestRunner.privateRun(TestRunner.java:794)
at org.testng.TestRunner.run(TestRunner.java:596)
at org.testng.SuiteRunner.runTest(SuiteRunner.java:377)
at org.testng.SuiteRunner.runSequentially(SuiteRunner.java:371)
at org.testng.SuiteRunner.privateRun(SuiteRunner.java:332)
at org.testng.SuiteRunner.run(SuiteRunner.java:276)
at org.testng.SuiteRunnerWorker.runSuite(SuiteRunnerWorker.java:53)
at org.testng.SuiteRunnerWorker.run(SuiteRunnerWorker.java:96)
at org.testng.TestNG.runSuitesSequentially(TestNG.java:1212)
at org.testng.TestNG.runSuitesLocally(TestNG.java:1134)
at org.testng.TestNG.runSuites(TestNG.java:1063)
at org.testng.TestNG.run(TestNG.java:1031)
at org.testng.remote.AbstractRemoteTestNG.run(AbstractRemoteTestNG.java:115)
at org.testng.remote.RemoteTestNG.initAndRun(RemoteTestNG.java:251)
at org.testng.remote.RemoteTestNG.main(RemoteTestNG.java:77)
]]>
            </full-stacktrace>
          </exception> <!-- java.lang.Error -->
          <reporter-output>
          </reporter-output>
        </test-method> <!-- testPrintMessage -->
      </class> <!-- javabasics.TestNG_Assertion -->
    </test> <!-- Test -->
  </suite> <!-- Suite -->
</testng-results>
