<?xml version="1.0" encoding="UTF-8"?>
<!-- Generated by org.testng.reporters.JUnitXMLReporter -->
<testsuite ignored="0" hostname="MAVBCP2598" failures="1" tests="5" name="Test" time="0.097" errors="0" timestamp="2021-12-15T22:38:17 IST">
  <testcase classname="javabasics.MessageUtil" name="testPrintMessage" time="0.013"/>
  <testcase classname="javabasics.TestNG_sample" name="Firstpgm" time="0.002"/>
  <testcase classname="javabasics.TestNG_Parallel" name="method1" time="0.001"/>
  <testcase classname="javabasics.TestNG_Parallel" name="method2" time="0.003"/>
  <testcase classname="javabasics.TestNG_Assertion" name="testPrintMessage" time="0.002">
    <failure type="java.lang.Error" message="Unresolved compilation problems: 
	Syntax error on token &amp;quot;messageUtil&amp;quot;, delete this token
	The method testPrintMessage() is undefined for the type String
">
      <![CDATA[java.lang.Error: Unresolved compilation problems: 
Syntax error on token "messageUtil", delete this token
The method testPrintMessage() is undefined for the type String

at javabasics.TestNG_Assertion.testPrintMessage(TestNG_Assertion.java:11)
at java.base/java.util.ArrayList.forEach(ArrayList.java:1511)
... Removed 27 stack frames]]>
    </failure>
  </testcase> <!-- testPrintMessage -->
</testsuite> <!-- Test -->
